<?xml version="1.0" encoding="UTF-8"?>
<testsuite xmlns:xsi="http://www.w3.org/2001/XMLSchema-instance" xsi:noNamespaceSchemaLocation="https://maven.apache.org/surefire/maven-surefire-plugin/xsd/surefire-test-report.xsd" name="TestSuite" time="131.729" tests="14" errors="0" skipped="0" failures="0">
  <properties>
    <property name="java.runtime.name" value="Java(TM) SE Runtime Environment"/>
    <property name="sun.boot.library.path" value="C:\Program Files\Java\jdk1.8.0_141\jre\bin"/>
    <property name="java.vm.version" value="25.141-b15"/>
    <property name="java.vm.vendor" value="Oracle Corporation"/>
    <property name="maven.multiModuleProjectDirectory" value="D:\workspace\WebAssist\WebAssist"/>
    <property name="java.vendor.url" value="http://java.oracle.com/"/>
    <property name="path.separator" value=";"/>
    <property name="guice.disable.misplaced.annotation.check" value="true"/>
    <property name="java.vm.name" value="Java HotSpot(TM) 64-Bit Server VM"/>
    <property name="file.encoding.pkg" value="sun.io"/>
    <property name="user.script" value=""/>
    <property name="user.country" value="US"/>
    <property name="sun.java.launcher" value="SUN_STANDARD"/>
    <property name="sun.os.patch.level" value="Service Pack 1"/>
    <property name="java.vm.specification.name" value="Java Virtual Machine Specification"/>
    <property name="user.dir" value="D:\workspace\WebAssist\WebAssist"/>
    <property name="java.runtime.version" value="1.8.0_141-b15"/>
    <property name="java.awt.graphicsenv" value="sun.awt.Win32GraphicsEnvironment"/>
    <property name="java.endorsed.dirs" value="C:\Program Files\Java\jdk1.8.0_141\jre\lib\endorsed"/>
    <property name="os.arch" value="amd64"/>
    <property name="java.io.tmpdir" value="C:\Users\1436866\AppData\Local\Temp\"/>
    <property name="line.separator" value="&#10;"/>
    <property name="java.vm.specification.vendor" value="Oracle Corporation"/>
    <property name="user.variant" value=""/>
    <property name="os.name" value="Windows 7"/>
    <property name="classworlds.conf" value="D:\Webassist\apache-maven-3.6.0-bin\apache-maven-3.6.0\bin\..\bin\m2.conf"/>
    <property name="sun.jnu.encoding" value="Cp1252"/>
    <property name="java.library.path" value="C:\Program Files\Java\jdk1.8.0_141\bin;C:\windows\Sun\Java\bin;C:\windows\system32;C:\windows;D:\Webassist\ConEmuPack.190331\ConEmu\Scripts;D:\Webassist\ConEmuPack.190331;D:\Webassist\ConEmuPack.190331\ConEmu;C:\ProgramData\Oracle\Java\javapath;C:\Program Files (x86)\RSA SecurID Token Common;C:\windows\system32;C:\windows;C:\windows\System32\Wbem;C:\windows\System32\WindowsPowerShell\v1.0\;C:\windows\System32\WindowsPowerShell\v1.0\;C:\windows\System32\WindowsPowerShell\v1.0\;C:\Program Files (x86)\WebEx\Productivity Tools;C:\windows\System32\WindowsPowerShell\v1.0\;C:\Program Files\Java\jdk1.8.0_141\bin;D:\Webassist\git\Git\cmd;D:\Webassist\apache-maven-3.6.0-bin\apache-maven-3.6.0\bin;;D:\Webassist\node-v10.15.3-win-x64\node-v10.15.3-win-x64;;."/>
    <property name="maven.conf" value="D:\Webassist\apache-maven-3.6.0-bin\apache-maven-3.6.0\bin\../conf"/>
    <property name="java.specification.name" value="Java Platform API Specification"/>
    <property name="java.class.version" value="52.0"/>
    <property name="sun.management.compiler" value="HotSpot 64-Bit Tiered Compilers"/>
    <property name="os.version" value="6.1"/>
    <property name="library.jansi.path" value="D:\Webassist\apache-maven-3.6.0-bin\apache-maven-3.6.0\bin\..\lib\jansi-native"/>
    <property name="surefire.suiteXmlFiles" value="testngXML/asSearch/ASSearchUINTest.xml"/>
    <property name="user.home" value="C:\Users\1436866"/>
    <property name="user.timezone" value="Asia/Calcutta"/>
    <property name="java.awt.printerjob" value="sun.awt.windows.WPrinterJob"/>
    <property name="java.specification.version" value="1.8"/>
    <property name="file.encoding" value="Cp1252"/>
    <property name="user.name" value="1436866"/>
    <property name="java.class.path" value="D:\Webassist\apache-maven-3.6.0-bin\apache-maven-3.6.0\bin\..\boot\plexus-classworlds-2.5.2.jar"/>
    <property name="java.vm.specification.version" value="1.8"/>
    <property name="sun.arch.data.model" value="64"/>
    <property name="java.home" value="C:\Program Files\Java\jdk1.8.0_141\jre"/>
    <property name="sun.java.command" value="org.codehaus.plexus.classworlds.launcher.Launcher test -Dsurefire.suiteXmlFiles=testngXML/asSearch/ASSearchUINTest.xml"/>
    <property name="java.specification.vendor" value="Oracle Corporation"/>
    <property name="user.language" value="en"/>
    <property name="awt.toolkit" value="sun.awt.windows.WToolkit"/>
    <property name="java.vm.info" value="mixed mode"/>
    <property name="java.version" value="1.8.0_141"/>
    <property name="java.ext.dirs" value="C:\Program Files\Java\jdk1.8.0_141\jre\lib\ext;C:\windows\Sun\Java\lib\ext"/>
    <property name="sun.boot.class.path" value="C:\Program Files\Java\jdk1.8.0_141\jre\lib\resources.jar;C:\Program Files\Java\jdk1.8.0_141\jre\lib\rt.jar;C:\Program Files\Java\jdk1.8.0_141\jre\lib\sunrsasign.jar;C:\Program Files\Java\jdk1.8.0_141\jre\lib\jsse.jar;C:\Program Files\Java\jdk1.8.0_141\jre\lib\jce.jar;C:\Program Files\Java\jdk1.8.0_141\jre\lib\charsets.jar;C:\Program Files\Java\jdk1.8.0_141\jre\lib\jfr.jar;C:\Program Files\Java\jdk1.8.0_141\jre\classes"/>
    <property name="sun.stderr.encoding" value="cp437"/>
    <property name="java.vendor" value="Oracle Corporation"/>
    <property name="maven.home" value="D:\Webassist\apache-maven-3.6.0-bin\apache-maven-3.6.0\bin\.."/>
    <property name="file.separator" value="\"/>
    <property name="java.vendor.url.bug" value="http://bugreport.sun.com/bugreport/"/>
    <property name="sun.cpu.endian" value="little"/>
    <property name="sun.io.unicode.encoding" value="UnicodeLittle"/>
    <property name="sun.stdout.encoding" value="cp437"/>
    <property name="sun.desktop" value="windows"/>
    <property name="sun.cpu.isalist" value="amd64"/>
  </properties>
  <testcase name="loginWebAssistCorrect" classname="webassist.login.LoginTest" time="13.228"/>
  <testcase name="enterRole" classname="webassist.role.RoleTest" time="8.071"/>
  <testcase name="ASSearchTestMethodUINClear" classname="webassist.asSearch.ASSearchUINTest" time="40.641"/>
  <testcase name="ASSearchTestMethodUINInvalid" classname="webassist.asSearch.ASSearchUINTest" time="14.919"/>
  <testcase name="ASSearchTestMethodUINCorrect" classname="webassist.asSearch.ASSearchUINTest" time="5.018"/>
  <testcase name="ASSearchTestMethodUINOutputValidation" classname="webassist.asSearch.ASSearchUINTest" time="0.015"/>
  <testcase name="ASSearchTestMethodUINOutputValidation" classname="webassist.asSearch.ASSearchUINTest" time="0.016"/>
  <testcase name="ASSearchTestMethodUINOutputValidation" classname="webassist.asSearch.ASSearchUINTest" time="0.015"/>
  <testcase name="ASSearchTestMethodUINOutputValidation" classname="webassist.asSearch.ASSearchUINTest" time="0.016"/>
  <testcase name="ASSearchTestMethodUINOutputValidation" classname="webassist.asSearch.ASSearchUINTest" time="0.016"/>
  <testcase name="ASSearchTestMethodUINOutputValidation" classname="webassist.asSearch.ASSearchUINTest" time="0.015"/>
  <testcase name="ASSearchTestMethodUINOutputValidation" classname="webassist.asSearch.ASSearchUINTest" time="0.016"/>
  <testcase name="ASSearchTestMethodUINOutputValidation" classname="webassist.asSearch.ASSearchUINTest" time="0.015"/>
  <testcase name="ASSearchTestMethodUINPageResults" classname="webassist.asSearch.ASSearchUINTest" time="16.26"/>
</testsuite>