<?xml version="1.0" encoding="UTF-8"?>
<!-- Generated by org.testng.reporters.JUnitReportReporter -->
<testsuite skipped="0" hostname="01HW808506" name="webassist.asSearch.ASSearchTCTest" tests="4" failures="0" timestamp="08 Jul 2019 11:13:27 GMT" time="75.443" errors="0">
  <testcase name="ASSearchTestMethodAdminInvalid" time="26.388" classname="webassist.asSearch.ASSearchTCTest"/>
  <testcase name="ASSearchTestMethodTCCorrect" time="12.852" classname="webassist.asSearch.ASSearchTCTest"/>
  <testcase name="ASSearchTestMethodTCInvalid" time="26.368" classname="webassist.asSearch.ASSearchTCTest"/>
  <testcase name="ASSearchTestMethodTCClear" time="9.835" classname="webassist.asSearch.ASSearchTCTest"/>
</testsuite> <!-- webassist.asSearch.ASSearchTCTest -->
