<?xml version="1.0" encoding="UTF-8"?>
<!-- Generated by org.testng.reporters.JUnitReportReporter -->
<testsuite skipped="0" hostname="01HW808506" name="webassist.regSearch.RegSearchAdminTest" tests="3" failures="0" timestamp="08 Jul 2019 11:29:34 GMT" time="56.612" errors="0">
  <testcase name="RegSearchTestMethodAdminInvalid" time="31.697" classname="webassist.regSearch.RegSearchAdminTest"/>
  <testcase name="RegSearchTestMethodAdminClear" time="7.747" classname="webassist.regSearch.RegSearchAdminTest"/>
  <testcase name="RegSearchTestMethodAdminCorrect" time="17.168" classname="webassist.regSearch.RegSearchAdminTest"/>
</testsuite> <!-- webassist.regSearch.RegSearchAdminTest -->
