<?xml version="1.0" encoding="UTF-8"?>
<!-- Generated by org.testng.reporters.JUnitReportReporter -->
<testsuite skipped="0" hostname="01HW902838" name="webassist.regSearch.RegSearchRegTest" tests="9" failures="0" timestamp="13 Sep 2019 09:29:29 GMT" time="81.854" errors="0">
  <testcase name="REGSearchTestMethodREGOutputValidation" time="0.016" classname="webassist.regSearch.RegSearchRegTest"/>
  <testcase name="REGSearchTestMethodREGOutputValidation" time="0.010" classname="webassist.regSearch.RegSearchRegTest"/>
  <testcase name="RegSearchTestMethodRegCorrect" time="8.243" classname="webassist.regSearch.RegSearchRegTest"/>
  <testcase name="REGSearchTestMethodREGOutputValidation" time="0.011" classname="webassist.regSearch.RegSearchRegTest"/>
  <testcase name="RegSearchTestMethodRegInvalidLength" time="33.923" classname="webassist.regSearch.RegSearchRegTest"/>
  <testcase name="RegSearchTestMethodRegInvalid" time="24.451" classname="webassist.regSearch.RegSearchRegTest"/>
  <testcase name="RegSearchTestMethodRegClear" time="15.175" classname="webassist.regSearch.RegSearchRegTest"/>
  <testcase name="REGSearchTestMethodREGOutputValidation" time="0.015" classname="webassist.regSearch.RegSearchRegTest"/>
  <testcase name="REGSearchTestMethodREGOutputValidation" time="0.010" classname="webassist.regSearch.RegSearchRegTest"/>
</testsuite> <!-- webassist.regSearch.RegSearchRegTest -->
