<?xml version="1.0" encoding="UTF-8"?>
<!-- Generated by org.testng.reporters.JUnitReportReporter -->
<testsuite skipped="0" hostname="01HW808506" name="webassist.asSearch.ASSearchPASTest" tests="4" failures="0" timestamp="08 Jul 2019 11:10:33 GMT" time="78.400" errors="0">
  <testcase name="ASSearchTestMethodPASInvalid" time="25.659" classname="webassist.asSearch.ASSearchPASTest"/>
  <testcase name="ASSearchTestMethodPASClear" time="8.681" classname="webassist.asSearch.ASSearchPASTest"/>
  <testcase name="ASSearchTestMethodPASPageResults" time="34.153" classname="webassist.asSearch.ASSearchPASTest"/>
  <testcase name="ASSearchTestMethodPASCorrect" time="9.907" classname="webassist.asSearch.ASSearchPASTest"/>
</testsuite> <!-- webassist.asSearch.ASSearchPASTest -->
