<?xml version="1.0" encoding="UTF-8"?>
<!-- Generated by org.testng.reporters.JUnitReportReporter -->
<testsuite skipped="0" hostname="01HW808506" name="webassist.asSearch.ASSearchPASTest" tests="12" failures="0" timestamp="05 Aug 2019 08:50:51 GMT" time="68.025" errors="0">
  <testcase name="ASSearchTestMethodPASClear" time="19.028" classname="webassist.asSearch.ASSearchPASTest"/>
  <testcase name="ASSearchTestMethodPASPageResults" time="15.203" classname="webassist.asSearch.ASSearchPASTest"/>
  <testcase name="ASSearchTestMethodPASOutputValidation" time="0.010" classname="webassist.asSearch.ASSearchPASTest"/>
  <testcase name="ASSearchTestMethodPASOutputValidation" time="0.009" classname="webassist.asSearch.ASSearchPASTest"/>
  <testcase name="ASSearchTestMethodPASInvalid" time="26.599" classname="webassist.asSearch.ASSearchPASTest"/>
  <testcase name="ASSearchTestMethodPASCorrect" time="7.115" classname="webassist.asSearch.ASSearchPASTest"/>
  <testcase name="ASSearchTestMethodPASOutputValidation" time="0.008" classname="webassist.asSearch.ASSearchPASTest"/>
  <testcase name="ASSearchTestMethodPASOutputValidation" time="0.013" classname="webassist.asSearch.ASSearchPASTest"/>
  <testcase name="ASSearchTestMethodPASOutputValidation" time="0.012" classname="webassist.asSearch.ASSearchPASTest"/>
  <testcase name="ASSearchTestMethodPASOutputValidation" time="0.012" classname="webassist.asSearch.ASSearchPASTest"/>
  <testcase name="ASSearchTestMethodPASOutputValidation" time="0.008" classname="webassist.asSearch.ASSearchPASTest"/>
  <testcase name="ASSearchTestMethodPASOutputValidation" time="0.008" classname="webassist.asSearch.ASSearchPASTest"/>
</testsuite> <!-- webassist.asSearch.ASSearchPASTest -->
