<?xml version="1.0" encoding="UTF-8"?>
<!-- Generated by org.testng.reporters.JUnitReportReporter -->
<testsuite skipped="0" hostname="01HW808506" name="webassist.asSearch.ASSearchUINTest" tests="12" failures="0" timestamp="11 Jul 2019 13:21:41 GMT" time="76.962" errors="0">
  <testcase name="ASSearchTestMethodUINOutputValidation" time="0.016" classname="webassist.asSearch.ASSearchUINTest"/>
  <testcase name="ASSearchTestMethodUINPageResults" time="16.260" classname="webassist.asSearch.ASSearchUINTest"/>
  <testcase name="ASSearchTestMethodUINClear" time="40.641" classname="webassist.asSearch.ASSearchUINTest"/>
  <testcase name="ASSearchTestMethodUINInvalid" time="14.919" classname="webassist.asSearch.ASSearchUINTest"/>
  <testcase name="ASSearchTestMethodUINCorrect" time="5.018" classname="webassist.asSearch.ASSearchUINTest"/>
  <testcase name="ASSearchTestMethodUINOutputValidation" time="0.016" classname="webassist.asSearch.ASSearchUINTest"/>
  <testcase name="ASSearchTestMethodUINOutputValidation" time="0.015" classname="webassist.asSearch.ASSearchUINTest"/>
  <testcase name="ASSearchTestMethodUINOutputValidation" time="0.015" classname="webassist.asSearch.ASSearchUINTest"/>
  <testcase name="ASSearchTestMethodUINOutputValidation" time="0.016" classname="webassist.asSearch.ASSearchUINTest"/>
  <testcase name="ASSearchTestMethodUINOutputValidation" time="0.016" classname="webassist.asSearch.ASSearchUINTest"/>
  <testcase name="ASSearchTestMethodUINOutputValidation" time="0.015" classname="webassist.asSearch.ASSearchUINTest"/>
  <testcase name="ASSearchTestMethodUINOutputValidation" time="0.015" classname="webassist.asSearch.ASSearchUINTest"/>
</testsuite> <!-- webassist.asSearch.ASSearchUINTest -->
