<?xml version="1.0" encoding="UTF-8"?>
<!-- Generated by org.testng.reporters.JUnitReportReporter -->
<testsuite skipped="0" hostname="01HW808506" name="webassist.asSearch.ASSearchBatchTest" tests="9" failures="0" timestamp="11 Jul 2019 10:26:42 GMT" time="43.472" errors="0">
  <testcase name="ASSearchTestMethodBatchOutputValidation" time="0.008" classname="webassist.asSearch.ASSearchBatchTest"/>
  <testcase name="ASSearchTestMethodBatchOutputValidation" time="0.008" classname="webassist.asSearch.ASSearchBatchTest"/>
  <testcase name="ASSearchTestMethodBatchOutputValidation" time="0.007" classname="webassist.asSearch.ASSearchBatchTest"/>
  <testcase name="ASSearchTestMethodBatchOutputValidation" time="0.007" classname="webassist.asSearch.ASSearchBatchTest"/>
  <testcase name="ASSearchTestMethodBatchOutputValidation" time="0.007" classname="webassist.asSearch.ASSearchBatchTest"/>
  <testcase name="ASSearchTestMethodBatchOutputValidation" time="0.008" classname="webassist.asSearch.ASSearchBatchTest"/>
  <testcase name="ASSearchTestMethodBatchOutputValidation" time="0.007" classname="webassist.asSearch.ASSearchBatchTest"/>
  <testcase name="ASSearchTestMethodBatchAdminTCRegLNameFName" time="43.412" classname="webassist.asSearch.ASSearchBatchTest"/>
  <testcase name="ASSearchTestMethodBatchOutputValidation" time="0.008" classname="webassist.asSearch.ASSearchBatchTest"/>
</testsuite> <!-- webassist.asSearch.ASSearchBatchTest -->
