<?xml version="1.0" encoding="UTF-8"?>
<!-- Generated by org.testng.reporters.JUnitReportReporter -->
<testsuite skipped="0" hostname="01HW808506" name="webassist.regSearch.RegSearchCBStudentTest" tests="4" failures="0" timestamp="08 Jul 2019 13:05:30 GMT" time="79.940" errors="0">
  <testcase name="RegSearchTestMethodCBStudentInvalidLength" time="35.155" classname="webassist.regSearch.RegSearchCBStudentTest"/>
  <testcase name="RegSearchTestMethodCBStudentInvalid" time="27.211" classname="webassist.regSearch.RegSearchCBStudentTest"/>
  <testcase name="RegSearchTestMethodCBStudentCorrect" time="8.814" classname="webassist.regSearch.RegSearchCBStudentTest"/>
  <testcase name="RegSearchTestMethodCBStudentClear" time="8.760" classname="webassist.regSearch.RegSearchCBStudentTest"/>
</testsuite> <!-- webassist.regSearch.RegSearchCBStudentTest -->
