<?xml version="1.0" encoding="UTF-8"?>
<!-- Generated by org.testng.reporters.JUnitReportReporter -->
<testsuite skipped="5" hostname="01HW902838" name="webassist.asSearch.ASSearchUINTest" tests="5" failures="0" timestamp="13 Sep 2019 08:29:29 GMT" time="0.000" errors="0">
  <testcase name="ASSearchTestMethodUINPageResults" time="0.000" classname="webassist.asSearch.ASSearchUINTest">
    <skipped/>
  </testcase> <!-- ASSearchTestMethodUINPageResults -->
  <testcase name="ASSearchTestMethodUINCorrect" time="0.000" classname="webassist.asSearch.ASSearchUINTest">
    <skipped/>
  </testcase> <!-- ASSearchTestMethodUINCorrect -->
  <testcase name="ASSearchTestMethodUINOutputValidation" time="0.000" classname="webassist.asSearch.ASSearchUINTest">
    <skipped/>
  </testcase> <!-- ASSearchTestMethodUINOutputValidation -->
  <testcase name="ASSearchTestMethodUINClear" time="0.000" classname="webassist.asSearch.ASSearchUINTest">
    <skipped/>
  </testcase> <!-- ASSearchTestMethodUINClear -->
  <testcase name="ASSearchTestMethodUINInvalid" time="0.000" classname="webassist.asSearch.ASSearchUINTest">
    <skipped/>
  </testcase> <!-- ASSearchTestMethodUINInvalid -->
</testsuite> <!-- webassist.asSearch.ASSearchUINTest -->
