<?xml version="1.0" encoding="UTF-8"?>
<!-- Generated by org.testng.reporters.JUnitReportReporter -->
<testsuite skipped="0" hostname="01HW808506" name="webassist.asSearch.ASSearchTCTest" tests="4" failures="0" timestamp="05 Aug 2019 08:55:58 GMT" time="83.448" errors="0">
  <testcase name="ASSearchTestMethodTCInvalid" time="26.523" classname="webassist.asSearch.ASSearchTCTest"/>
  <testcase name="ASSearchTestMethodTCCorrect" time="7.835" classname="webassist.asSearch.ASSearchTCTest"/>
  <testcase name="ASSearchTestMethodTCClear" time="22.114" classname="webassist.asSearch.ASSearchTCTest"/>
  <testcase name="ASSearchTestMethodAdminInvalid" time="26.976" classname="webassist.asSearch.ASSearchTCTest"/>
</testsuite> <!-- webassist.asSearch.ASSearchTCTest -->
