<?xml version="1.0" encoding="UTF-8"?>
<!-- Generated by org.testng.reporters.JUnitReportReporter -->
<testsuite skipped="4" hostname="01HW808506" name="webassist.regSearch.RegSearchTCTest" tests="4" failures="0" timestamp="10 Jul 2019 11:52:58 GMT" time="0.000" errors="0">
  <testcase name="RegSearchTestMethodTCDropdown" time="0.000" classname="webassist.regSearch.RegSearchTCTest">
    <skipped/>
  </testcase> <!-- RegSearchTestMethodTCDropdown -->
  <testcase name="RegSearchTestMethodTCID" time="0.000" classname="webassist.regSearch.RegSearchTCTest">
    <skipped/>
  </testcase> <!-- RegSearchTestMethodTCID -->
  <testcase name="RegSearchTestMethodTCClear" time="0.000" classname="webassist.regSearch.RegSearchTCTest">
    <skipped/>
  </testcase> <!-- RegSearchTestMethodTCClear -->
  <testcase name="RegSearchTestMethodTCCorrect" time="0.000" classname="webassist.regSearch.RegSearchTCTest">
    <skipped/>
  </testcase> <!-- RegSearchTestMethodTCCorrect -->
</testsuite> <!-- webassist.regSearch.RegSearchTCTest -->
