<?xml version="1.0" encoding="UTF-8"?>
<!-- Generated by org.testng.reporters.JUnitReportReporter -->
<testsuite skipped="0" hostname="01HW808506" name="webassist.asSearch.ASSearchBatchTest" tests="17" failures="0" timestamp="05 Aug 2019 09:08:31 GMT" time="200.226" errors="0">
  <testcase name="ASSearchTestMethodBatchInvalidAdmin" time="31.129" classname="webassist.asSearch.ASSearchBatchTest"/>
  <testcase name="ASSearchTestMethodBatchAdminTCRegLName" time="11.942" classname="webassist.asSearch.ASSearchBatchTest"/>
  <testcase name="ASSearchTestMethodBatchAdminTC" time="32.817" classname="webassist.asSearch.ASSearchBatchTest"/>
  <testcase name="ASSearchTestMethodBatchOutputValidation" time="0.008" classname="webassist.asSearch.ASSearchBatchTest"/>
  <testcase name="ASSearchTestMethodBatchOutputValidation" time="0.008" classname="webassist.asSearch.ASSearchBatchTest"/>
  <testcase name="ASSearchTestMethodBatchOutputValidation" time="0.009" classname="webassist.asSearch.ASSearchBatchTest"/>
  <testcase name="ASSearchTestMethodBatchPageResults" time="15.916" classname="webassist.asSearch.ASSearchBatchTest"/>
  <testcase name="ASSearchTestMethodBatchOutputValidation" time="0.009" classname="webassist.asSearch.ASSearchBatchTest"/>
  <testcase name="ASSearchTestMethodBatchOutputValidation" time="0.010" classname="webassist.asSearch.ASSearchBatchTest"/>
  <testcase name="ASSearchTestMethodBatchAdminTCRegLNameFName" time="11.296" classname="webassist.asSearch.ASSearchBatchTest"/>
  <testcase name="ASSearchTestMethodBatchOutputValidation" time="0.008" classname="webassist.asSearch.ASSearchBatchTest"/>
  <testcase name="ASSearchTestMethodBatchOutputValidation" time="0.008" classname="webassist.asSearch.ASSearchBatchTest"/>
  <testcase name="ASSearchTestMethodBatchAdminTCReg" time="11.621" classname="webassist.asSearch.ASSearchBatchTest"/>
  <testcase name="ASSearchTestMethodBatchAdmin" time="30.023" classname="webassist.asSearch.ASSearchBatchTest"/>
  <testcase name="ASSearchTestMethodBatchAdminInvalidTC" time="30.982" classname="webassist.asSearch.ASSearchBatchTest"/>
  <testcase name="ASSearchTestMethodBatchClear" time="24.432" classname="webassist.asSearch.ASSearchBatchTest"/>
  <testcase name="ASSearchTestMethodBatchOutputValidation" time="0.008" classname="webassist.asSearch.ASSearchBatchTest"/>
</testsuite> <!-- webassist.asSearch.ASSearchBatchTest -->
