<?xml version="1.0" encoding="UTF-8"?>
<!-- Generated by org.testng.reporters.JUnitReportReporter -->
<testsuite skipped="0" hostname="01HW808506" name="webassist.admin.AdminTest" tests="4" failures="0" timestamp="12 Jul 2019 11:10:18 GMT" time="54.258" errors="0">
  <testcase name="AdminUsernameAddRole" time="14.372" classname="webassist.admin.AdminTest"/>
  <testcase name="AdminUsernameFilter" time="19.940" classname="webassist.admin.AdminTest"/>
  <testcase name="AdminUsernameEditUser" time="14.008" classname="webassist.admin.AdminTest"/>
  <testcase name="AdminUsernameDeleteUser" time="5.938" classname="webassist.admin.AdminTest"/>
</testsuite> <!-- webassist.admin.AdminTest -->
