<?xml version="1.0" encoding="UTF-8"?>
<!-- Generated by org.testng.reporters.JUnitReportReporter -->
<testsuite skipped="0" hostname="01HW808506" name="webassist.regSearch.RegSearchNameTest" tests="8" failures="0" timestamp="08 Jul 2019 13:09:58 GMT" time="225.419" errors="0">
  <testcase name="RegSearchTestMethodLongFirstName" time="38.624" classname="webassist.regSearch.RegSearchNameTest"/>
  <testcase name="RegSearchTestMethodNameCorrect" time="12.331" classname="webassist.regSearch.RegSearchNameTest"/>
  <testcase name="RegSearchTestMethodLongLastName" time="28.102" classname="webassist.regSearch.RegSearchNameTest"/>
  <testcase name="RegSearchTestMethodNameClear" time="8.827" classname="webassist.regSearch.RegSearchNameTest"/>
  <testcase name="RegSearchTestMethodInvalidFirstName" time="29.964" classname="webassist.regSearch.RegSearchNameTest"/>
  <testcase name="RegSearchTestMethodFirstName" time="38.333" classname="webassist.regSearch.RegSearchNameTest"/>
  <testcase name="RegSearchTestMethodInvalidLastName" time="30.736" classname="webassist.regSearch.RegSearchNameTest"/>
  <testcase name="RegSearchTestMethodLastName" time="38.502" classname="webassist.regSearch.RegSearchNameTest"/>
</testsuite> <!-- webassist.regSearch.RegSearchNameTest -->
