<?xml version="1.0" encoding="UTF-8"?>
<!-- Generated by org.testng.reporters.JUnitReportReporter -->
<testsuite skipped="0" hostname="01HW902838" name="webassist.role.RoleTest" tests="1" failures="0" timestamp="13 Sep 2019 09:29:29 GMT" time="8.277" errors="0">
  <testcase name="enterRole" time="8.277" classname="webassist.role.RoleTest"/>
</testsuite> <!-- webassist.role.RoleTest -->
