<?xml version="1.0" encoding="UTF-8"?>
<!-- Generated by org.testng.reporters.JUnitReportReporter -->
<testsuite skipped="0" hostname="01HW808506" name="webassist.match.MatchTest" tests="1" failures="0" timestamp="03 Jul 2019 13:17:59 GMT" time="75.196" errors="0">
  <testcase name="NoMatchTest" time="75.196" classname="webassist.match.MatchTest"/>
</testsuite> <!-- webassist.match.MatchTest -->
