<?xml version="1.0" encoding="UTF-8"?>
<!-- Generated by org.testng.reporters.JUnitReportReporter -->
<testsuite skipped="0" hostname="01HW808506" name="webassist.admin.AdminTest" tests="4" failures="0" timestamp="08 Jul 2019 09:55:21 GMT" time="50.852" errors="0">
  <testcase name="AdminUsernameDeleteUser" time="7.760" classname="webassist.admin.AdminTest"/>
  <testcase name="AdminUsernameAddRole" time="18.851" classname="webassist.admin.AdminTest"/>
  <testcase name="AdminUsernameFilter" time="7.857" classname="webassist.admin.AdminTest"/>
  <testcase name="AdminUsernameEditUser" time="16.384" classname="webassist.admin.AdminTest"/>
</testsuite> <!-- webassist.admin.AdminTest -->
