<?xml version="1.0" encoding="UTF-8"?>
<!-- Generated by org.testng.reporters.JUnitReportReporter -->
<testsuite skipped="0" hostname="01HW902838" name="webassist.role.RoleTest" tests="1" failures="0" timestamp="03 Sep 2019 14:28:53 GMT" time="8.031" errors="0">
  <testcase name="enterRole" time="8.031" classname="webassist.role.RoleTest"/>
</testsuite> <!-- webassist.role.RoleTest -->
