<?xml version="1.0" encoding="UTF-8"?>
<!-- Generated by org.testng.reporters.JUnitReportReporter -->
<testsuite skipped="0" hostname="01HW808506" name="webassist.role.RoleTest" tests="1" failures="0" timestamp="02 Jul 2019 13:20:24 GMT" time="7.121" errors="0">
  <testcase name="enterRole" time="7.121" classname="webassist.role.RoleTest"/>
</testsuite> <!-- webassist.role.RoleTest -->
