<?xml version="1.0" encoding="UTF-8"?>
<!-- Generated by org.testng.reporters.JUnitReportReporter -->
<testsuite skipped="0" hostname="01HW902838" name="webassist.login.LoginTest" tests="1" failures="0" timestamp="03 Sep 2019 14:28:53 GMT" time="12.820" errors="0">
  <testcase name="loginWebAssistCorrect" time="12.820" classname="webassist.login.LoginTest"/>
</testsuite> <!-- webassist.login.LoginTest -->
