<?xml version="1.0" encoding="UTF-8"?>
<!-- Generated by org.testng.reporters.JUnitReportReporter -->
<testsuite skipped="0" hostname="01HW808506" name="webassist.asSearch.ASSearchPASTest" tests="12" failures="0" timestamp="19 Jul 2019 06:56:46 GMT" time="58.623" errors="0">
  <testcase name="ASSearchTestMethodPASOutputValidation" time="0.015" classname="webassist.asSearch.ASSearchPASTest"/>
  <testcase name="ASSearchTestMethodPASCorrect" time="4.977" classname="webassist.asSearch.ASSearchPASTest"/>
  <testcase name="ASSearchTestMethodPASOutputValidation" time="0.016" classname="webassist.asSearch.ASSearchPASTest"/>
  <testcase name="ASSearchTestMethodPASPageResults" time="14.835" classname="webassist.asSearch.ASSearchPASTest"/>
  <testcase name="ASSearchTestMethodPASOutputValidation" time="0.015" classname="webassist.asSearch.ASSearchPASTest"/>
  <testcase name="ASSearchTestMethodPASOutputValidation" time="0.016" classname="webassist.asSearch.ASSearchPASTest"/>
  <testcase name="ASSearchTestMethodPASOutputValidation" time="0.016" classname="webassist.asSearch.ASSearchPASTest"/>
  <testcase name="ASSearchTestMethodPASClear" time="14.600" classname="webassist.asSearch.ASSearchPASTest"/>
  <testcase name="ASSearchTestMethodPASInvalid" time="24.085" classname="webassist.asSearch.ASSearchPASTest"/>
  <testcase name="ASSearchTestMethodPASOutputValidation" time="0.016" classname="webassist.asSearch.ASSearchPASTest"/>
  <testcase name="ASSearchTestMethodPASOutputValidation" time="0.016" classname="webassist.asSearch.ASSearchPASTest"/>
  <testcase name="ASSearchTestMethodPASOutputValidation" time="0.016" classname="webassist.asSearch.ASSearchPASTest"/>
</testsuite> <!-- webassist.asSearch.ASSearchPASTest -->
