<?xml version="1.0" encoding="UTF-8"?>
<!-- Generated by org.testng.reporters.JUnitReportReporter -->
<testsuite skipped="0" hostname="01HW808506" name="webassist.asSearch.ASSearchUINTest" tests="4" failures="0" timestamp="16 May 2019 07:02:41 GMT" time="91.751" errors="0">
  <testcase name="ASSearchTestMethodUINCorrect" time="13.969" classname="webassist.asSearch.ASSearchUINTest"/>
  <testcase name="ASSearchTestMethodUINInvalid" time="24.242" classname="webassist.asSearch.ASSearchUINTest"/>
  <testcase name="ASSearchTestMethodUINPageResults" time="44.879" classname="webassist.asSearch.ASSearchUINTest"/>
  <testcase name="ASSearchTestMethodUINClear" time="8.661" classname="webassist.asSearch.ASSearchUINTest"/>
</testsuite> <!-- webassist.asSearch.ASSearchUINTest -->
