<?xml version="1.0" encoding="UTF-8"?>
<!-- Generated by org.testng.reporters.JUnitReportReporter -->
<testsuite skipped="0" hostname="01HW808506" name="webassist.asSearch.ASSearchTCTest" tests="4" failures="0" timestamp="19 Jul 2019 07:19:47 GMT" time="71.989" errors="0">
  <testcase name="ASSearchTestMethodTCClear" time="14.074" classname="webassist.asSearch.ASSearchTCTest"/>
  <testcase name="ASSearchTestMethodAdminInvalid" time="25.281" classname="webassist.asSearch.ASSearchTCTest"/>
  <testcase name="ASSearchTestMethodTCInvalid" time="25.225" classname="webassist.asSearch.ASSearchTCTest"/>
  <testcase name="ASSearchTestMethodTCCorrect" time="7.409" classname="webassist.asSearch.ASSearchTCTest"/>
</testsuite> <!-- webassist.asSearch.ASSearchTCTest -->
