<?xml version="1.0" encoding="UTF-8"?>
<!-- Generated by org.testng.reporters.JUnitReportReporter -->
<testsuite skipped="0" hostname="01HW808506" name="webassist.asSearch.ASSearchBatchTest" tests="17" failures="0" timestamp="19 Jul 2019 07:40:42 GMT" time="271.966" errors="0">
  <testcase name="ASSearchTestMethodBatchOutputValidation" time="0.015" classname="webassist.asSearch.ASSearchBatchTest"/>
  <testcase name="ASSearchTestMethodBatchOutputValidation" time="0.030" classname="webassist.asSearch.ASSearchBatchTest"/>
  <testcase name="ASSearchTestMethodBatchPageResults" time="14.244" classname="webassist.asSearch.ASSearchBatchTest"/>
  <testcase name="ASSearchTestMethodBatchInvalidAdmin" time="41.957" classname="webassist.asSearch.ASSearchBatchTest"/>
  <testcase name="ASSearchTestMethodBatchAdminTC" time="42.327" classname="webassist.asSearch.ASSearchBatchTest"/>
  <testcase name="ASSearchTestMethodBatchAdminInvalidTC" time="41.335" classname="webassist.asSearch.ASSearchBatchTest"/>
  <testcase name="ASSearchTestMethodBatchOutputValidation" time="0.016" classname="webassist.asSearch.ASSearchBatchTest"/>
  <testcase name="ASSearchTestMethodBatchAdminTCReg" time="22.575" classname="webassist.asSearch.ASSearchBatchTest"/>
  <testcase name="ASSearchTestMethodBatchAdminTCRegLName" time="22.223" classname="webassist.asSearch.ASSearchBatchTest"/>
  <testcase name="ASSearchTestMethodBatchOutputValidation" time="0.015" classname="webassist.asSearch.ASSearchBatchTest"/>
  <testcase name="ASSearchTestMethodBatchOutputValidation" time="0.016" classname="webassist.asSearch.ASSearchBatchTest"/>
  <testcase name="ASSearchTestMethodBatchClear" time="23.576" classname="webassist.asSearch.ASSearchBatchTest"/>
  <testcase name="ASSearchTestMethodBatchAdminTCRegLNameFName" time="22.581" classname="webassist.asSearch.ASSearchBatchTest"/>
  <testcase name="ASSearchTestMethodBatchOutputValidation" time="0.016" classname="webassist.asSearch.ASSearchBatchTest"/>
  <testcase name="ASSearchTestMethodBatchAdmin" time="41.007" classname="webassist.asSearch.ASSearchBatchTest"/>
  <testcase name="ASSearchTestMethodBatchOutputValidation" time="0.017" classname="webassist.asSearch.ASSearchBatchTest"/>
  <testcase name="ASSearchTestMethodBatchOutputValidation" time="0.016" classname="webassist.asSearch.ASSearchBatchTest"/>
</testsuite> <!-- webassist.asSearch.ASSearchBatchTest -->
